0 info it worked if it ends with ok
1 verbose cli [ '/home/pacman29/.nvm/versions/node/v6.0.0/bin/node',
1 verbose cli   '/home/pacman29/.nvm/versions/node/v6.0.0/bin/npm',
1 verbose cli   'start' ]
2 info using npm@3.8.6
3 info using node@v6.0.0
4 verbose run-script [ 'prestart', 'start', 'poststart' ]
5 info lifecycle ppo-01-web@0.0.0~prestart: ppo-01-web@0.0.0
6 silly lifecycle ppo-01-web@0.0.0~prestart: no script for prestart, continuing
7 info lifecycle ppo-01-web@0.0.0~start: ppo-01-web@0.0.0
8 verbose lifecycle ppo-01-web@0.0.0~start: unsafe-perm in lifecycle true
9 verbose lifecycle ppo-01-web@0.0.0~start: PATH: /home/pacman29/.nvm/versions/node/v6.0.0/lib/node_modules/npm/bin/node-gyp-bin:/home/pacman29/PPO/node_modules/.bin:/home/pacman29/.nvm/versions/node/v6.0.0/bin:/home/pacman29/.nvm/versions/node/v6.0.0/bin:/home/pacman29/.rvm/gems/ree-1.8.7-2012.02/bin:/home/pacman29/.rvm/gems/ree-1.8.7-2012.02@global/bin:/home/pacman29/.rvm/rubies/ree-1.8.7-2012.02/bin:/usr/local/sbin:/usr/local/bin:/usr/sbin:/usr/bin:/sbin:/bin:/usr/games:/usr/local/games:/snap/bin:/usr/lib/jvm/java-8-oracle/bin:/usr/lib/jvm/java-8-oracle/db/bin:/usr/lib/jvm/java-8-oracle/jre/bin:/home/pacman29/.rvm/bin:/snap/bin:/usr/lib/jvm/java-8-oracle/bin:/usr/lib/jvm/java-8-oracle/db/bin:/usr/lib/jvm/java-8-oracle/jre/bin:/home/pacman29/.rvm/bin:/home/pacman29/.rvm/bin:/home/pacman29/.rvm/bin
10 verbose lifecycle ppo-01-web@0.0.0~start: CWD: /home/pacman29/PPO
11 silly lifecycle ppo-01-web@0.0.0~start: Args: [ '-c', 'node ./bin/www' ]
12 silly lifecycle ppo-01-web@0.0.0~start: Returned: code: 1  signal: null
13 info lifecycle ppo-01-web@0.0.0~start: Failed to exec start script
14 verbose stack Error: ppo-01-web@0.0.0 start: `node ./bin/www`
14 verbose stack Exit status 1
14 verbose stack     at EventEmitter.<anonymous> (/home/pacman29/.nvm/versions/node/v6.0.0/lib/node_modules/npm/lib/utils/lifecycle.js:239:16)
14 verbose stack     at emitTwo (events.js:106:13)
14 verbose stack     at EventEmitter.emit (events.js:191:7)
14 verbose stack     at ChildProcess.<anonymous> (/home/pacman29/.nvm/versions/node/v6.0.0/lib/node_modules/npm/lib/utils/spawn.js:24:14)
14 verbose stack     at emitTwo (events.js:106:13)
14 verbose stack     at ChildProcess.emit (events.js:191:7)
14 verbose stack     at maybeClose (internal/child_process.js:850:16)
14 verbose stack     at Process.ChildProcess._handle.onexit (internal/child_process.js:215:5)
15 verbose pkgid ppo-01-web@0.0.0
16 verbose cwd /home/pacman29/PPO
17 error Linux 4.4.0-75-generic
18 error argv "/home/pacman29/.nvm/versions/node/v6.0.0/bin/node" "/home/pacman29/.nvm/versions/node/v6.0.0/bin/npm" "start"
19 error node v6.0.0
20 error npm  v3.8.6
21 error code ELIFECYCLE
22 error ppo-01-web@0.0.0 start: `node ./bin/www`
22 error Exit status 1
23 error Failed at the ppo-01-web@0.0.0 start script 'node ./bin/www'.
23 error Make sure you have the latest version of node.js and npm installed.
23 error If you do, this is most likely a problem with the ppo-01-web package,
23 error not with npm itself.
23 error Tell the author that this fails on your system:
23 error     node ./bin/www
23 error You can get information on how to open an issue for this project with:
23 error     npm bugs ppo-01-web
23 error Or if that isn't available, you can get their info via:
23 error     npm owner ls ppo-01-web
23 error There is likely additional logging output above.
24 verbose exit [ 1, true ]
